<?xml version="1.0" encoding="UTF-8"?>
<!-- Generated by org.testng.reporters.JUnitReportReporter -->
<testsuite hostname="IN-PG02NJQY" failures="0" tests="1" name="com.herokuapp.crudoperation.PartialUpdateBooking" time="6.355" errors="0" timestamp="10 Feb 2022 05:10:59 GMT" skipped="0">
  <testcase classname="com.herokuapp.crudoperation.PartialUpdateBooking" name="partialUpdateBooking" time="6.355"/>
</testsuite> <!-- com.herokuapp.crudoperation.PartialUpdateBooking -->
