<?xml version="1.0" encoding="UTF-8"?>
<!-- Generated by org.testng.reporters.JUnitReportReporter -->
<testsuite hostname="IN-PG02NJQY" failures="0" tests="1" name="com.herokuapp.crudoperation.CreateBooking" time="5.639" errors="0" timestamp="10 Feb 2022 05:10:59 GMT" skipped="0">
  <testcase classname="com.herokuapp.crudoperation.CreateBooking" name="createBooking" time="5.639"/>
</testsuite> <!-- com.herokuapp.crudoperation.CreateBooking -->
