<?xml version="1.0" encoding="UTF-8"?>
<!-- Generated by org.testng.reporters.JUnitReportReporter -->
<testsuite hostname="IN-PG02NJQY" failures="0" tests="1" name="com.herokuapp.crudoperation.GetBooking" time="5.983" errors="0" timestamp="10 Feb 2022 05:10:59 GMT" skipped="0">
  <testcase classname="com.herokuapp.crudoperation.GetBooking" name="getBooking" time="5.983"/>
</testsuite> <!-- com.herokuapp.crudoperation.GetBooking -->
