<?xml version="1.0" encoding="UTF-8"?>
<!-- Generated by org.testng.reporters.JUnitReportReporter -->
<testsuite hostname="IN-PG02NJQY" failures="0" tests="1" name="com.herokuapp.crudoperation.CreateToken" time="5.339" errors="0" timestamp="04 Feb 2022 06:45:20 GMT" skipped="0">
  <testcase classname="com.herokuapp.crudoperation.CreateToken" name="generateToken" time="5.339"/>
</testsuite> <!-- com.herokuapp.crudoperation.CreateToken -->
