<?xml version="1.0" encoding="UTF-8"?>
<!-- Generated by org.testng.reporters.JUnitReportReporter -->
<testsuite hostname="IN-PG02NJQY" failures="0" tests="1" name="com.herokuapp.crudoperation.HealthCheck" time="2.286" errors="0" timestamp="06 Feb 2022 17:28:45 GMT" skipped="0">
  <testcase classname="com.herokuapp.crudoperation.HealthCheck" name="ping" time="2.286"/>
</testsuite> <!-- com.herokuapp.crudoperation.HealthCheck -->
